TN:
SF:/home/user/settlement-protocol/smart-contracts/contracts/aurora-xcc/AuroraSdk.sol
FN:40,initNear
FN:50,mainnet
FN:56,nearRepresentative
FN:61,addressSubAccount
FN:76,implicitAuroraAddress
FN:85,nearRepresentitiveImplicitAddress
FN:92,promiseResult
FN:119,currentAccountId
FN:127,predecessorAccountId
FN:140,call
FN:154,auroraCall
FN:175,transact
FN:190,transact
FN:202,lazy_transact
FN:212,lazy_transact
FN:223,then
FNF:16
FNH:10
FNDA:6,initNear
FNDA:0,mainnet
FNDA:1,nearRepresentative
FNDA:1,addressSubAccount
FNDA:1,implicitAuroraAddress
FNDA:1,nearRepresentitiveImplicitAddress
FNDA:0,promiseResult
FNDA:3,currentAccountId
FNDA:0,predecessorAccountId
FNDA:2,call
FNDA:2,auroraCall
FNDA:0,transact
FNDA:2,transact
FNDA:0,lazy_transact
FNDA:0,lazy_transact
FNDA:2,then
DA:41,6
DA:42,6
DA:46,6
DA:51,0
DA:57,1
DA:65,1
DA:79,1
DA:88,1
DA:95,0
DA:98,0
DA:100,0
DA:102,0
DA:103,0
DA:105,0
DA:106,0
DA:107,0
DA:108,0
DA:112,0
DA:113,0
DA:114,0
DA:120,3
DA:122,3
DA:123,3
DA:128,0
DA:130,0
DA:131,0
DA:148,2
DA:161,2
DA:176,0
DA:180,0
DA:181,0
DA:191,2
DA:195,2
DA:196,0
DA:203,0
DA:207,0
DA:208,0
DA:213,0
DA:217,0
DA:218,0
DA:227,2
LF:41
LH:15
BRDA:98,1,0,0
BRDA:98,1,1,0
BRDA:103,2,0,0
BRDA:103,2,1,0
BRDA:107,3,0,0
BRDA:107,3,1,0
BRDA:113,4,0,0
BRDA:113,4,1,0
BRDA:122,5,0,3
BRDA:122,5,1,0
BRDA:130,6,0,0
BRDA:130,6,1,0
BRDA:180,7,0,0
BRDA:180,7,1,0
BRDA:195,8,0,0
BRDA:195,8,1,2
BRDA:207,9,0,0
BRDA:207,9,1,0
BRDA:217,10,0,0
BRDA:217,10,1,0
BRF:20
BRH:2
end_of_record
TN:
SF:/home/user/settlement-protocol/smart-contracts/contracts/aurora-xcc/AuroraXccUtils.sol
FN:5,swapBytes2
FN:9,swapBytes4
FN:14,swapBytes8
FN:20,swapBytes16
FN:33,swapBytes32
FN:65,readMemory
FN:71,writeMemory
FN:77,memoryToBytes
FN:107,keccak256Raw
FN:116,sha256Raw
FN:133,bytesToHex
FNF:11
FNH:4
FNDA:0,swapBytes2
FNDA:14,swapBytes4
FNDA:4,swapBytes8
FNDA:4,swapBytes16
FNDA:0,swapBytes32
FNDA:0,readMemory
FNDA:0,writeMemory
FNDA:0,memoryToBytes
FNDA:0,keccak256Raw
FNDA:0,sha256Raw
FNDA:1,bytesToHex
DA:6,0
DA:10,14
DA:11,14
DA:15,4
DA:16,4
DA:17,4
DA:21,4
DA:24,4
DA:27,4
DA:30,4
DA:34,0
DA:41,0
DA:48,0
DA:55,0
DA:62,0
DA:66,0
DA:72,0
DA:81,0
DA:82,0
DA:111,0
DA:120,0
DA:135,1
DA:137,1
DA:139,1
DA:140,20
DA:141,20
DA:144,1
LF:27
LH:15
BRDA:81,1,0,0
BRDA:81,1,1,0
BRF:2
BRH:0
end_of_record
TN:
SF:/home/user/settlement-protocol/smart-contracts/contracts/aurora-xcc/Borsh.sol
FN:14,from
FN:26,requireSpace
FN:32,read
FN:44,done
FN:49,peekKeccak256
FN:58,peekSha256
FN:66,decodeU8
FN:70,decodeU16
FN:74,decodeU32
FN:78,decodeU64
FN:82,decodeU128
FN:86,decodeU256
FN:90,decodeBytes20
FN:94,decodeBytes32
FN:98,decodeBool
FN:104,skipBytes
FN:112,decodeBytes
FNF:17
FNH:0
FNDA:0,from
FNDA:0,requireSpace
FNDA:0,read
FNDA:0,done
FNDA:0,peekKeccak256
FNDA:0,peekSha256
FNDA:0,decodeU8
FNDA:0,decodeU16
FNDA:0,decodeU32
FNDA:0,decodeU64
FNDA:0,decodeU128
FNDA:0,decodeU256
FNDA:0,decodeBytes20
FNDA:0,decodeBytes32
FNDA:0,decodeBool
FNDA:0,skipBytes
FNDA:0,decodeBytes
DA:15,0
DA:16,0
DA:19,0
DA:20,0
DA:21,0
DA:27,0
DA:28,0
DA:36,0
DA:37,0
DA:38,0
DA:39,0
DA:41,0
DA:45,0
DA:53,0
DA:54,0
DA:62,0
DA:63,0
DA:67,0
DA:71,0
DA:75,0
DA:79,0
DA:83,0
DA:87,0
DA:91,0
DA:95,0
DA:99,0
DA:100,0
DA:101,0
DA:105,0
DA:106,0
DA:107,0
DA:108,0
DA:115,0
DA:116,0
DA:117,0
DA:118,0
DA:119,0
LF:37
LH:0
BRDA:28,1,0,0
BRDA:28,1,1,0
BRDA:45,2,0,0
BRDA:45,2,1,0
BRDA:100,3,0,0
BRDA:100,3,1,0
BRF:6
BRH:0
end_of_record
TN:
SF:/home/user/settlement-protocol/smart-contracts/contracts/aurora-xcc/Codec.sol
FN:12,encodeU8
FN:16,encodeU16
FN:20,encodeU32
FN:24,encodeU64
FN:28,encodeU128
FN:33,encode
FN:38,encode
FN:43,encode
FN:48,encode
FN:62,encode
FN:71,encodeCrossContractCallArgs
FN:85,encodeCrossContractCallArgs
FN:98,decodePromiseResult
FN:108,skipPromiseResult
FNF:14
FNH:9
FNDA:0,encodeU8
FNDA:0,encodeU16
FNDA:14,encodeU32
FNDA:4,encodeU64
FNDA:4,encodeU128
FNDA:14,encode
FNDA:2,encode
FNDA:2,encode
FNDA:4,encode
FNDA:2,encode
FNDA:0,encodeCrossContractCallArgs
FNDA:2,encodeCrossContractCallArgs
FNDA:0,decodePromiseResult
FNDA:0,skipPromiseResult
DA:13,0
DA:17,0
DA:21,14
DA:25,4
DA:29,4
DA:34,14
DA:39,2
DA:44,2
DA:51,4
DA:65,2
DA:75,0
DA:89,2
DA:101,0
DA:102,0
DA:103,0
DA:109,0
DA:110,0
DA:111,0
LF:18
LH:9
BRDA:102,1,0,0
BRDA:102,1,1,0
BRDA:110,2,0,0
BRDA:110,2,1,0
BRF:4
BRH:0
end_of_record
TN:
SF:/home/user/settlement-protocol/smart-contracts/contracts/aurora-xcc/Types.sol
FNF:0
FNH:0
LF:0
LH:0
BRF:0
BRH:0
end_of_record
TN:
SF:/home/user/settlement-protocol/smart-contracts/contracts/ChainSignatures.sol
FN:13,encodeJSONRequest
FN:41,stringifyBytes
FNF:2
FNH:2
FNDA:2,encodeJSONRequest
FNDA:43,stringifyBytes
DA:19,2
DA:44,43
DA:45,43
DA:46,43
DA:47,1376
DA:49,1376
DA:50,1376
DA:51,1376
DA:52,1376
DA:53,1376
DA:56,43
LF:11
LH:11
BRF:0
BRH:0
end_of_record
TN:
SF:/home/user/settlement-protocol/smart-contracts/contracts/Config.sol
FN:54,constructor
FN:61,onlyAllocatorOwner
FN:70,setAllocator
FN:78,_validateAllocator
FN:98,setConfigValue
FN:110,setConfigValues
FN:125,getConfigValue
FNF:7
FNH:7
FNDA:4,constructor
FNDA:18,onlyAllocatorOwner
FNDA:5,setAllocator
FNDA:9,_validateAllocator
FNDA:5,setConfigValue
FNDA:4,setConfigValues
FNDA:44,getConfigValue
DA:55,4
DA:56,4
DA:57,4
DA:62,18
DA:63,4
DA:65,14
DA:71,5
DA:72,2
DA:73,2
DA:79,9
DA:80,1
DA:83,8
DA:84,6
DA:85,0
DA:88,1
DA:99,5
DA:100,5
DA:101,5
DA:111,4
DA:112,1
DA:115,3
DA:116,7
DA:117,7
DA:118,7
DA:126,44
DA:127,3
DA:130,41
LF:27
LH:26
BRDA:62,1,0,4
BRDA:62,1,1,14
BRDA:70,2,0,5
BRDA:70,2,1,1
BRDA:79,3,0,1
BRDA:79,3,1,8
BRDA:84,4,0,0
BRDA:84,4,1,6
BRDA:98,5,0,5
BRDA:98,5,1,2
BRDA:110,6,0,4
BRDA:110,6,1,1
BRDA:111,7,0,1
BRDA:111,7,1,3
BRDA:126,8,0,3
BRDA:126,8,1,41
BRF:16
BRH:15
end_of_record
TN:
SF:/home/user/settlement-protocol/smart-contracts/contracts/deposit-addresses/open/oracle/BasicPricingOracle.sol
FN:16,getUsdPrices
FNF:1
FNH:1
FNDA:2,getUsdPrices
DA:20,2
DA:22,2
DA:23,1
LF:3
LH:3
BRDA:22,1,0,1
BRDA:22,1,1,1
BRF:2
BRH:2
end_of_record
TN:
SF:/home/user/settlement-protocol/smart-contracts/contracts/deposit-addresses/open/oracle/IPricingOracle.sol
FNF:0
FNH:0
LF:0
LH:0
BRF:0
BRH:0
end_of_record
TN:
SF:/home/user/settlement-protocol/smart-contracts/contracts/deposit-addresses/open/RelayDepositAddressManager.sol
FN:89,trigger
FN:140,_hashTrigger
FNF:2
FNH:2
FNDA:18,trigger
FNDA:15,_hashTrigger
DA:97,18
DA:98,1
DA:101,17
DA:105,1
DA:108,16
DA:111,15
DA:121,15
DA:122,1
DA:125,14
DA:127,14
DA:149,15
LF:11
LH:11
BRDA:97,1,0,1
BRDA:97,1,1,17
BRDA:101,2,0,1
BRDA:101,2,1,16
BRDA:121,3,0,1
BRDA:121,3,1,14
BRF:6
BRH:6
end_of_record
TN:
SF:/home/user/settlement-protocol/smart-contracts/contracts/deposit-addresses/strict/bitcoin/BitcoinDepositAddress.sol
FN:99,constructor
FN:108,init
FN:128,setSweepBuilder
FN:136,derivationPath
FN:151,sweep
FN:172,sweepCallback
FN:192,_requestSignature
FNF:7
FNH:4
FNDA:3,constructor
FNDA:0,init
FNDA:2,setSweepBuilder
FNDA:5,derivationPath
FNDA:0,sweep
FNDA:1,sweepCallback
FNDA:0,_requestSignature
DA:100,3
DA:101,3
DA:102,3
DA:110,0
DA:116,0
DA:123,0
DA:129,2
DA:130,2
DA:137,5
DA:156,0
DA:160,0
DA:162,0
DA:164,0
DA:166,0
DA:173,1
DA:176,1
DA:179,0
DA:181,0
DA:182,0
DA:185,0
DA:186,0
DA:198,0
DA:199,0
DA:201,0
DA:202,0
DA:206,0
DA:207,0
DA:210,0
DA:211,0
DA:212,0
DA:215,0
DA:219,0
DA:222,0
DA:230,0
DA:237,0
DA:243,0
LF:36
LH:8
BRDA:108,1,0,0
BRDA:108,1,1,1
BRDA:128,2,0,2
BRDA:128,2,1,1
BRDA:173,3,0,1
BRDA:173,3,1,0
BRDA:181,4,0,0
BRDA:181,4,1,0
BRDA:198,5,0,0
BRDA:198,5,1,0
BRDA:201,6,0,0
BRDA:201,6,1,0
BRDA:206,7,0,0
BRDA:206,7,1,0
BRDA:211,8,0,0
BRDA:211,8,1,0
BRF:16
BRH:4
end_of_record
TN:
SF:/home/user/settlement-protocol/smart-contracts/contracts/deposit-addresses/strict/bitcoin/BitcoinDepositSweepBuilder.sol
FN:79,constructor
FN:88,setMaxFeeRate
FN:98,buildSweepPayload
FN:161,hashToSign
FN:176,buildInput
FN:192,buildPreImageForInput
FN:227,_hashPrevouts
FN:243,_hashSequence
FN:258,_hashOutputs
FN:276,_buildScriptCode
FN:289,encodeVarInt
FNF:11
FNH:11
FNDA:3,constructor
FNDA:2,setMaxFeeRate
FNDA:43,buildSweepPayload
FNDA:24,hashToSign
FNDA:36,buildInput
FNDA:24,buildPreImageForInput
FNDA:24,_hashPrevouts
FNDA:24,_hashSequence
FNDA:24,_hashOutputs
FNDA:24,_buildScriptCode
FNDA:48,encodeVarInt
DA:80,3
DA:81,3
DA:89,2
DA:90,2
DA:102,43
DA:105,43
DA:110,4
DA:113,39
DA:114,1
DA:117,38
DA:118,38
DA:119,1
DA:122,37
DA:123,37
DA:124,1
DA:128,36
DA:130,36
DA:133,36
DA:137,36
DA:144,36
DA:153,36
DA:162,24
DA:167,24
DA:168,24
DA:179,36
DA:196,24
DA:199,24
DA:203,24
DA:206,24
DA:214,24
DA:230,24
DA:231,24
DA:232,24
DA:238,24
DA:246,24
DA:247,24
DA:248,24
DA:253,24
DA:261,24
DA:262,24
DA:263,48
DA:264,48
DA:271,24
DA:279,24
DA:280,24
DA:281,24
DA:283,24
DA:290,48
DA:291,47
DA:293,1
DA:300,0
DA:309,0
LF:52
LH:50
BRDA:88,1,0,2
BRDA:88,1,1,1
BRDA:105,2,0,4
BRDA:105,2,1,39
BRDA:106,3,0,2
BRDA:106,3,1,1
BRDA:106,4,0,1
BRDA:106,4,1,1
BRDA:113,5,0,1
BRDA:113,5,1,38
BRDA:118,6,0,1
BRDA:118,6,1,37
BRDA:123,7,0,1
BRDA:123,7,1,36
BRDA:290,8,0,47
BRDA:290,8,1,1
BRDA:292,9,0,1
BRDA:292,9,1,0
BRDA:299,10,0,0
BRDA:299,10,1,0
BRF:20
BRH:17
end_of_record
TN:
SF:/home/user/settlement-protocol/smart-contracts/contracts/deposit-addresses/strict/bitcoin/IBitcoinDepositSweepBuilder.sol
FNF:0
FNH:0
LF:0
LH:0
BRF:0
BRH:0
end_of_record
TN:
SF:/home/user/settlement-protocol/smart-contracts/contracts/deposit-addresses/strict/ethereum/DepositAddress.sol
FN:27,constructor
FN:36,sweep
FNF:2
FNH:2
FNDA:1,constructor
FNDA:21,sweep
DA:28,1
DA:29,1
DA:37,21
DA:38,19
DA:39,8
DA:40,8
DA:41,5
DA:47,11
DA:48,11
DA:49,7
DA:50,7
LF:11
LH:11
BRDA:37,1,0,2
BRDA:37,1,1,19
BRDA:38,2,0,8
BRDA:38,2,1,11
BRDA:40,3,0,5
BRDA:40,3,1,3
BRDA:48,4,0,7
BRDA:48,4,1,4
BRF:8
BRH:8
end_of_record
TN:
SF:/home/user/settlement-protocol/smart-contracts/contracts/deposit-addresses/strict/ethereum/DepositAddressFactory.sol
FN:23,constructor
FN:29,computeDepositAddress
FN:39,sweep
FN:62,_salt
FN:70,_sweepProxy
FNF:5
FNH:5
FNDA:1,constructor
FNDA:28,computeDepositAddress
FNDA:27,sweep
FNDA:55,_salt
FNDA:27,_sweepProxy
DA:24,1
DA:25,1
DA:33,28
DA:34,28
DA:44,27
DA:45,27
DA:52,27
DA:53,24
DA:54,24
DA:57,27
DA:66,55
DA:76,27
DA:77,19
LF:13
LH:13
BRDA:52,1,0,24
BRDA:52,1,1,3
BRF:2
BRH:2
end_of_record
TN:
SF:/home/user/settlement-protocol/smart-contracts/contracts/deposit-addresses/strict/ethereum/IDepositAddressFactory.sol
FNF:0
FNH:0
LF:0
LH:0
BRF:0
BRH:0
end_of_record
TN:
SF:/home/user/settlement-protocol/smart-contracts/contracts/depository/RelayDepository.sol
FN:86,constructor
FN:94,setAllocator
FN:105,depositNative
FN:118,depositErc20
FN:138,depositErc20
FN:149,execute
FN:182,_executeCalls
FN:221,_hashCallRequest
FN:262,_domainNameAndVersion
FNF:9
FNH:4
FNDA:1,constructor
FNDA:0,setAllocator
FNDA:5,depositNative
FNDA:7,depositErc20
FNDA:0,depositErc20
FNDA:0,execute
FNDA:0,_executeCalls
FNDA:0,_hashCallRequest
FNDA:1,_domainNameAndVersion
DA:87,1
DA:88,1
DA:95,0
DA:96,0
DA:98,0
DA:106,5
DA:109,5
DA:125,7
DA:127,7
DA:130,7
DA:139,0
DA:141,0
DA:153,0
DA:156,0
DA:157,0
DA:161,0
DA:162,0
DA:166,0
DA:167,0
DA:171,0
DA:174,0
DA:186,0
DA:187,0
DA:190,0
DA:193,0
DA:194,0
DA:198,0
DA:201,0
DA:202,0
DA:206,0
DA:209,0
DA:210,0
DA:225,0
DA:228,0
DA:230,0
DA:241,0
DA:245,0
DA:255,0
DA:268,1
DA:269,1
LF:40
LH:9
BRDA:94,1,0,0
BRDA:94,1,1,0
BRDA:95,2,0,0
BRDA:95,2,1,0
BRDA:106,3,0,0
BRDA:106,3,1,5
BRDA:127,4,0,0
BRDA:127,4,1,7
BRDA:156,5,0,0
BRDA:156,5,1,0
BRDA:161,6,0,0
BRDA:161,6,1,0
BRDA:166,7,0,0
BRDA:166,7,1,0
BRDA:201,8,0,0
BRDA:201,8,1,0
BRDA:209,9,0,0
BRDA:209,9,1,0
BRF:18
BRH:2
end_of_record
TN:
SF:/home/user/settlement-protocol/smart-contracts/contracts/ERC20View.sol
FN:115,constructor
FN:126,name
FN:132,symbol
FN:138,decimals
FN:144,tokenURI
FN:150,totalSupply
FN:157,balanceOf
FN:165,allowance
FN:176,approve
FN:188,transfer
FN:201,transferFrom
FN:240,emitTransferEvent
FN:250,emitApprovalEvent
FNF:13
FNH:11
FNDA:34,constructor
FNDA:1,name
FNDA:1,symbol
FNDA:1,decimals
FNDA:0,tokenURI
FNDA:0,totalSupply
FNDA:1,balanceOf
FNDA:16,allowance
FNDA:24,approve
FNDA:6,transfer
FNDA:11,transferFrom
FNDA:68,emitTransferEvent
FNDA:23,emitApprovalEvent
DA:116,34
DA:117,34
DA:127,1
DA:133,1
DA:139,1
DA:145,0
DA:151,0
DA:158,1
DA:169,16
DA:177,24
DA:178,24
DA:179,24
DA:181,24
DA:189,6
DA:190,5
DA:191,5
DA:193,5
DA:207,11
DA:208,10
DA:209,10
DA:210,9
DA:211,2
DA:221,7
DA:225,9
DA:226,9
DA:227,9
DA:229,9
DA:241,68
DA:242,68
DA:255,23
DA:256,23
LF:31
LH:29
BRDA:178,1,0,24
BRDA:178,1,1,0
BRDA:190,2,0,5
BRDA:190,2,1,0
BRDA:207,3,0,10
BRDA:207,3,1,1
BRDA:209,4,0,9
BRDA:209,4,1,1
BRDA:210,5,0,2
BRDA:210,5,1,7
BRDA:226,6,0,9
BRDA:226,6,1,0
BRDA:241,7,0,68
BRDA:241,7,1,0
BRDA:255,8,0,23
BRDA:255,8,1,0
BRF:16
BRH:11
end_of_record
TN:
SF:/home/user/settlement-protocol/smart-contracts/contracts/mocks/EmptyPayloadBuilder.sol
FN:11,buildPayload
FN:20,hashesToSign
FN:29,curve
FN:34,family
FNF:4
FNH:1
FNDA:1,buildPayload
FNDA:0,hashesToSign
FNDA:0,curve
FNDA:0,family
DA:16,1
DA:25,0
DA:30,0
DA:35,0
LF:4
LH:1
BRF:0
BRH:0
end_of_record
TN:
SF:/home/user/settlement-protocol/smart-contracts/contracts/mocks/MockPricingOracle.sol
FN:25,setPrice
FN:40,getUsdPrices
FN:57,_key
FNF:3
FNH:3
FNDA:16,setPrice
FNDA:14,getUsdPrices
FNDA:34,_key
DA:32,16
DA:44,14
DA:45,14
DA:46,14
DA:47,14
DA:48,18
DA:61,34
LF:7
LH:7
BRF:0
BRH:0
end_of_record
TN:
SF:/home/user/settlement-protocol/smart-contracts/contracts/mocks/MockSafe.sol
FN:7,addOwner
FN:11,removeOwner
FN:15,isOwner
FN:19,execute
FNF:4
FNH:0
FNDA:0,addOwner
FNDA:0,removeOwner
FNDA:0,isOwner
FNDA:0,execute
DA:8,0
DA:12,0
DA:16,0
DA:24,0
DA:25,0
DA:26,0
DA:27,0
DA:28,0
LF:8
LH:0
BRDA:27,1,0,0
BRDA:27,1,1,0
BRF:2
BRH:0
end_of_record
TN:
SF:/home/user/settlement-protocol/smart-contracts/contracts/mocks/MockWNEAR.sol
FN:8,constructor
FN:12,mint
FN:16,withdrawToNear
FNF:3
FNH:1
FNDA:5,constructor
FNDA:0,mint
FNDA:0,withdrawToNear
DA:9,5
DA:13,0
DA:17,0
LF:3
LH:1
BRF:0
BRH:0
end_of_record
TN:
SF:/home/user/settlement-protocol/smart-contracts/contracts/mocks/RelayMultisigSignerHarness.sol
FN:12,constructor
FN:14,__setSignature
FN:22,__setPendingTimestamp
FN:30,__tryMarkPendingSignature
FNF:4
FNH:4
FNDA:3,constructor
FNDA:1,__setSignature
FNDA:2,__setPendingTimestamp
FNDA:3,__tryMarkPendingSignature
DA:19,1
DA:27,2
DA:34,3
DA:35,0
DA:37,3
DA:38,1
DA:40,2
DA:41,2
LF:8
LH:7
BRDA:34,1,0,0
BRDA:34,1,1,3
BRDA:37,2,0,1
BRDA:37,2,1,2
BRF:4
BRH:3
end_of_record
TN:
SF:/home/user/settlement-protocol/smart-contracts/contracts/mocks/TestableBitcoinDepositAddress.sol
FN:29,constructor
FN:32,sweepNoCall
FN:48,setSignedPayload
FN:57,_requestSignatureNoCall
FNF:4
FNH:4
FNDA:1,constructor
FNDA:14,sweepNoCall
FNDA:1,setSignedPayload
FNDA:14,_requestSignatureNoCall
DA:37,14
DA:41,14
DA:42,14
DA:43,14
DA:44,14
DA:53,1
DA:62,14
DA:63,1
DA:65,13
DA:66,1
DA:69,12
DA:70,1
DA:73,11
DA:74,11
DA:75,3
DA:78,8
LF:16
LH:16
BRDA:62,1,0,1
BRDA:62,1,1,13
BRDA:65,2,0,1
BRDA:65,2,1,12
BRDA:69,3,0,1
BRDA:69,3,1,11
BRDA:74,4,0,3
BRDA:74,4,1,8
BRF:8
BRH:8
end_of_record
TN:
SF:/home/user/settlement-protocol/smart-contracts/contracts/payload-builders/EthereumVmPayloadBuilder.sol
FN:69,constructor
FN:75,buildPayload
FN:125,hashesToSign
FN:154,getEvmChainIdKey
FN:162,getExpirationKey
FN:169,computeNonce
FN:190,hashCallRequest
FN:229,curve
FN:234,family
FNF:9
FNH:9
FNDA:2,constructor
FNDA:11,buildPayload
FNDA:8,hashesToSign
FNDA:11,getEvmChainIdKey
FNDA:12,getExpirationKey
FNDA:9,computeNonce
FNDA:6,hashCallRequest
FNDA:1,curve
FNDA:1,family
DA:70,2
DA:80,11
DA:81,1
DA:83,10
DA:84,1
DA:87,9
DA:90,9
DA:96,9
DA:97,9
DA:98,9
DA:100,8
DA:108,1
DA:120,9
DA:130,8
DA:131,1
DA:134,7
DA:137,6
DA:144,6
DA:145,6
DA:147,6
DA:148,6
DA:157,11
DA:163,12
DA:172,9
DA:195,6
DA:198,6
DA:200,6
DA:211,6
DA:215,6
DA:225,6
DA:230,1
DA:235,1
LF:32
LH:32
BRDA:80,1,0,1
BRDA:80,1,1,10
BRDA:83,2,0,1
BRDA:83,2,1,9
BRDA:98,3,0,8
BRDA:98,3,1,1
BRDA:130,4,0,1
BRDA:130,4,1,7
BRF:8
BRH:8
end_of_record
TN:
SF:/home/user/settlement-protocol/smart-contracts/contracts/payload-builders/SolanaVmPayloadBuilder.sol
FN:44,constructor
FN:50,buildPayload
FN:78,getDomainKey
FN:87,getVaultAddressKey
FN:95,getExpirationKey
FN:103,getChainConfig
FN:112,getExpirationDelay
FN:121,decodeTransferFields
FN:146,computeNonce
FN:166,hashesToSign
FN:176,curve
FN:181,family
FN:194,encodeBorsh
FNF:13
FNH:13
FNDA:1,constructor
FNDA:9,buildPayload
FNDA:11,getDomainKey
FNDA:10,getVaultAddressKey
FNDA:8,getExpirationKey
FNDA:9,getChainConfig
FNDA:6,getExpirationDelay
FNDA:8,decodeTransferFields
FNDA:6,computeNonce
FNDA:1,hashesToSign
FNDA:1,curve
FNDA:1,family
FNDA:6,encodeBorsh
DA:45,1
DA:55,9
DA:56,8
DA:61,6
DA:63,6
DA:81,11
DA:90,10
DA:96,8
DA:106,9
DA:107,8
DA:113,6
DA:126,8
DA:127,1
DA:130,7
DA:131,1
DA:134,6
DA:135,0
DA:138,6
DA:139,6
DA:140,6
DA:149,6
DA:171,1
DA:172,1
DA:177,1
DA:182,1
DA:203,6
DA:204,6
DA:206,6
DA:207,4
DA:209,2
DA:212,6
DA:213,6
DA:214,6
DA:215,6
LF:34
LH:33
BRDA:126,1,0,1
BRDA:126,1,1,7
BRDA:130,2,0,1
BRDA:130,2,1,6
BRDA:134,3,0,0
BRDA:134,3,1,6
BRDA:139,4,0,2
BRDA:139,4,1,4
BRDA:206,5,0,4
BRDA:206,5,1,2
BRF:10
BRH:9
end_of_record
TN:
SF:/home/user/settlement-protocol/smart-contracts/contracts/price-oracle/SignedPricingOracle.sol
FN:76,constructor
FN:86,getUsdPrices
FN:131,hashSignedPrice
FN:141,_hashSignedPrice
FNF:4
FNH:4
FNDA:1,constructor
FNDA:8,getUsdPrices
FNDA:1,hashSignedPrice
FNDA:6,_hashSignedPrice
DA:77,1
DA:90,8
DA:92,8
DA:93,8
DA:94,1
DA:97,7
DA:98,7
DA:99,8
DA:101,8
DA:106,2
DA:109,6
DA:110,1
DA:113,5
DA:114,5
DA:115,3
DA:118,2
DA:134,1
DA:144,6
LF:18
LH:18
BRDA:93,1,0,1
BRDA:93,1,1,7
BRDA:101,2,0,2
BRDA:101,2,1,6
BRDA:102,3,0,1
BRDA:102,3,1,1
BRDA:109,4,0,1
BRDA:109,4,1,5
BRDA:114,5,0,3
BRDA:114,5,1,2
BRF:10
BRH:10
end_of_record
TN:
SF:/home/user/settlement-protocol/smart-contracts/contracts/RelayAllocator.sol
FN:180,constructor
FN:193,setPayloadBuilder
FN:200,suspend
FN:207,unsuspend
FN:215,submitWithdrawRequest
FN:225,submitWithdrawRequestWithSignature
FN:236,_submitWithdrawRequest
FN:314,consumeSpenderSignature
FN:360,_buildPayload
FNF:9
FNH:9
FNDA:5,constructor
FNDA:3,setPayloadBuilder
FNDA:2,suspend
FNDA:1,unsuspend
FNDA:7,submitWithdrawRequest
FNDA:3,submitWithdrawRequestWithSignature
FNDA:10,_submitWithdrawRequest
FNDA:4,consumeSpenderSignature
FNDA:6,_buildPayload
DA:181,5
DA:182,5
DA:194,3
DA:195,3
DA:201,2
DA:202,2
DA:208,1
DA:209,1
DA:218,7
DA:229,3
DA:241,10
DA:242,10
DA:243,0
DA:246,10
DA:251,10
DA:253,10
DA:255,10
DA:256,1
DA:259,9
DA:260,9
DA:261,4
DA:265,9
DA:266,2
DA:270,7
DA:271,7
DA:272,1
DA:276,6
DA:277,6
DA:278,1
DA:282,5
DA:286,5
DA:287,5
DA:288,5
DA:289,0
DA:297,5
DA:302,5
DA:303,5
DA:306,5
DA:318,4
DA:319,1
DA:322,3
DA:323,3
DA:324,1
DA:327,2
DA:344,2
DA:348,2
DA:349,0
DA:352,2
DA:353,2
DA:364,6
LF:50
LH:47
BRDA:193,1,0,3
BRDA:193,1,1,0
BRDA:200,2,0,2
BRDA:200,2,1,1
BRDA:207,3,0,1
BRDA:207,3,1,0
BRDA:242,4,0,0
BRDA:242,4,1,10
BRDA:255,5,0,1
BRDA:255,5,1,9
BRDA:260,6,0,4
BRDA:260,6,1,5
BRDA:265,7,0,2
BRDA:265,7,1,7
BRDA:271,8,0,1
BRDA:271,8,1,6
BRDA:277,9,0,1
BRDA:277,9,1,5
BRDA:288,10,0,0
BRDA:288,10,1,5
BRDA:318,11,0,1
BRDA:318,11,1,3
BRDA:318,12,0,1
BRDA:318,12,1,0
BRDA:323,13,0,1
BRDA:323,13,1,2
BRDA:348,14,0,0
BRDA:348,14,1,2
BRDA:348,15,0,0
BRDA:348,15,1,0
BRF:30
BRH:22
end_of_record
TN:
SF:/home/user/settlement-protocol/smart-contracts/contracts/RelayGenericMapping.sol
FN:73,constructor
FN:86,setEntry
FN:124,deleteEntry
FN:157,getEntry
FNF:4
FNH:4
FNDA:1,constructor
FNDA:25,setEntry
FNDA:10,deleteEntry
FNDA:10,getEntry
DA:74,1
DA:75,1
DA:76,1
DA:94,25
DA:95,24
DA:96,23
DA:97,22
DA:99,21
DA:100,1
DA:103,20
DA:109,20
DA:110,2
DA:113,18
DA:114,18
DA:115,18
DA:131,10
DA:132,9
DA:133,8
DA:135,7
DA:136,1
DA:139,6
DA:143,6
DA:144,1
DA:147,5
DA:148,5
DA:149,5
DA:161,10
DA:162,10
LF:28
LH:28
BRDA:94,1,0,1
BRDA:94,1,1,24
BRDA:95,2,0,1
BRDA:95,2,1,23
BRDA:96,3,0,1
BRDA:96,3,1,22
BRDA:97,4,0,1
BRDA:97,4,1,21
BRDA:99,5,0,1
BRDA:99,5,1,20
BRDA:109,6,0,2
BRDA:109,6,1,18
BRDA:131,7,0,1
BRDA:131,7,1,9
BRDA:132,8,0,1
BRDA:132,8,1,8
BRDA:133,9,0,1
BRDA:133,9,1,7
BRDA:135,10,0,1
BRDA:135,10,1,6
BRDA:143,11,0,1
BRDA:143,11,1,5
BRF:22
BRH:22
end_of_record
TN:
SF:/home/user/settlement-protocol/smart-contracts/contracts/RelayHub.sol
FN:162,constructor
FN:177,isOperator
FN:189,_setOperatorFor
FN:208,setOperatorFor
FN:216,setOperator
FN:228,transfer
FN:249,transferFrom
FN:280,approve
FN:299,approveFor
FN:326,permit
FN:383,mint
FN:397,burn
FN:408,setTokenMetadata
FN:415,name
FN:422,symbol
FN:429,decimals
FN:438,setContractURI
FN:445,tokenURI
FN:455,DOMAIN_SEPARATOR
FN:462,supportsInterface
FN:478,_mint
FN:493,_burn
FN:510,_emitERC20ViewEvent
FN:527,_emitERC20ViewApprovalEvent
FN:542,_createERC20View
FNF:25
FNH:23
FNDA:25,constructor
FNDA:50,isOperator
FNDA:5,_setOperatorFor
FNDA:5,setOperatorFor
FNDA:0,setOperator
FNDA:3,transfer
FNDA:32,transferFrom
FNDA:5,approve
FNDA:32,approveFor
FNDA:22,permit
FNDA:39,mint
FNDA:13,burn
FNDA:2,setTokenMetadata
FNDA:3,name
FNDA:3,symbol
FNDA:3,decimals
FNDA:1,setContractURI
FNDA:2,tokenURI
FNDA:1,DOMAIN_SEPARATOR
FNDA:0,supportsInterface
FNDA:39,_mint
FNDA:13,_burn
FNDA:82,_emitERC20ViewEvent
FNDA:23,_emitERC20ViewApprovalEvent
FNDA:34,_createERC20View
DA:163,25
DA:164,25
DA:165,25
DA:166,25
DA:181,50
DA:194,5
DA:195,5
DA:196,5
DA:209,5
DA:220,0
DA:233,3
DA:235,3
DA:237,3
DA:238,3
DA:240,3
DA:255,32
DA:260,8
DA:261,8
DA:262,7
DA:265,31
DA:267,28
DA:269,28
DA:270,28
DA:272,28
DA:285,5
DA:287,5
DA:288,5
DA:290,5
DA:305,32
DA:306,1
DA:309,31
DA:311,31
DA:314,31
DA:336,22
DA:337,1
DA:340,21
DA:341,1
DA:344,20
DA:346,20
DA:358,20
DA:360,20
DA:362,20
DA:363,2
DA:366,18
DA:368,18
DA:370,18
DA:371,18
DA:384,39
DA:385,39
DA:398,13
DA:399,12
DA:409,2
DA:416,3
DA:423,3
DA:430,3
DA:431,1
DA:433,2
DA:439,1
DA:446,2
DA:456,1
DA:465,0
DA:479,39
DA:480,39
DA:481,34
DA:483,39
DA:485,39
DA:486,39
DA:494,13
DA:495,12
DA:497,12
DA:498,12
DA:516,82
DA:517,82
DA:518,68
DA:533,23
DA:534,23
DA:535,23
DA:543,34
DA:544,0
DA:547,34
DA:549,34
DA:550,34
DA:552,34
DA:553,34
LF:84
LH:81
BRDA:181,1,0,11
BRDA:181,1,1,2
BRDA:208,2,0,5
BRDA:208,2,1,1
BRDA:255,3,0,8
BRDA:255,3,1,24
BRDA:261,4,0,7
BRDA:261,4,1,1
BRDA:305,5,0,1
BRDA:305,5,1,31
BRDA:336,6,0,1
BRDA:336,6,1,21
BRDA:340,7,0,1
BRDA:340,7,1,20
BRDA:362,8,0,2
BRDA:362,8,1,18
BRDA:383,9,0,39
BRDA:383,9,1,1
BRDA:397,10,0,13
BRDA:397,10,1,1
BRDA:408,11,0,2
BRDA:408,11,1,1
BRDA:430,12,0,1
BRDA:430,12,1,2
BRDA:438,13,0,1
BRDA:438,13,1,1
BRDA:466,14,0,0
BRDA:466,14,1,0
BRDA:480,15,0,34
BRDA:480,15,1,5
BRDA:517,16,0,68
BRDA:517,16,1,14
BRDA:534,17,0,23
BRDA:534,17,1,0
BRDA:543,18,0,0
BRDA:543,18,1,34
BRF:36
BRH:32
end_of_record
TN:
SF:/home/user/settlement-protocol/smart-contracts/contracts/RelayMultisigSigner.sol
FN:72,constructor
FN:81,init
FN:105,approveSignature
FN:116,sign
FN:177,signatureCallback
FNF:5
FNH:3
FNDA:3,constructor
FNDA:0,init
FNDA:3,approveSignature
FNDA:2,sign
FNDA:0,signatureCallback
DA:73,3
DA:74,3
DA:75,3
DA:83,0
DA:89,0
DA:96,0
DA:106,3
DA:107,3
DA:108,3
DA:122,2
DA:124,2
DA:125,0
DA:127,2
DA:129,0
DA:131,2
DA:136,0
DA:138,2
DA:141,2
DA:147,2
DA:155,2
DA:164,2
DA:171,2
DA:178,0
DA:181,0
DA:186,0
DA:188,0
DA:189,0
DA:192,0
DA:193,0
LF:29
LH:16
BRDA:81,1,0,0
BRDA:81,1,1,0
BRDA:105,2,0,3
BRDA:105,2,1,0
BRDA:124,3,0,0
BRDA:124,3,1,2
BRDA:127,4,0,0
BRDA:127,4,1,2
BRDA:131,5,0,0
BRDA:131,5,1,2
BRDA:143,6,0,0
BRDA:143,6,1,2
BRDA:178,7,0,0
BRDA:178,7,1,0
BRDA:188,8,0,0
BRDA:188,8,1,0
BRF:16
BRH:5
end_of_record
TN:
SF:/home/user/settlement-protocol/smart-contracts/contracts/RelayOracle.sol
FN:69,constructor
FN:82,executeMultiple
FN:110,execute
FN:126,_executeAction
FN:163,_execute
FN:199,_hashExecution
FNF:6
FNH:6
FNDA:2,constructor
FNDA:6,executeMultiple
FNDA:26,execute
FNDA:29,_executeAction
FNDA:25,_execute
FNDA:24,_hashExecution
DA:70,2
DA:71,2
DA:72,2
DA:74,2
DA:87,6
DA:88,6
DA:90,12
DA:91,1
DA:94,11
DA:98,2
DA:116,26
DA:117,1
DA:119,25
DA:128,29
DA:130,29
DA:131,15
DA:136,15
DA:138,4
DA:142,4
DA:144,9
DA:153,9
DA:155,1
DA:168,25
DA:171,25
DA:172,1
DA:176,24
DA:177,24
DA:178,4
DA:182,20
DA:184,20
DA:185,20
DA:186,20
DA:187,20
DA:188,29
DA:189,29
DA:193,17
DA:202,24
DA:205,24
DA:208,24
DA:209,24
DA:210,24
DA:215,24
DA:224,24
LF:43
LH:43
BRDA:90,1,0,1
BRDA:90,1,1,11
BRDA:116,2,0,1
BRDA:116,2,1,25
BRDA:130,3,0,15
BRDA:130,3,1,14
BRDA:137,4,0,4
BRDA:137,4,1,10
BRDA:143,5,0,9
BRDA:143,5,1,1
BRDA:171,6,0,1
BRDA:171,6,1,24
BRDA:177,7,0,4
BRDA:177,7,1,20
BRF:14
BRH:14
end_of_record
TN:
SF:/home/user/settlement-protocol/smart-contracts/contracts/RelayOracleMultisig.sol
FN:57,constructor
FN:88,isValidSignature
FN:102,addSigner
FN:118,removeSigner
FN:145,setThreshold
FN:160,getSigners
FN:166,getSignerCount
FN:176,_validateSignatures
FNF:8
FNH:7
FNDA:15,constructor
FNDA:13,isValidSignature
FNDA:5,addSigner
FNDA:9,removeSigner
FNDA:7,setThreshold
FNDA:0,getSigners
FNDA:5,getSignerCount
FNDA:13,_validateSignatures
DA:58,15
DA:59,1
DA:61,14
DA:62,2
DA:65,12
DA:66,34
DA:67,34
DA:68,1
DA:70,33
DA:71,1
DA:73,32
DA:74,32
DA:75,32
DA:78,10
DA:79,10
DA:92,13
DA:93,5
DA:95,8
DA:103,5
DA:104,1
DA:106,4
DA:107,1
DA:110,3
DA:111,3
DA:113,3
DA:119,9
DA:120,1
DA:122,8
DA:123,1
DA:125,7
DA:126,1
DA:129,6
DA:132,6
DA:133,17
DA:134,6
DA:135,6
DA:136,6
DA:140,6
DA:146,7
DA:147,2
DA:150,5
DA:151,5
DA:153,5
DA:161,0
DA:167,5
DA:180,13
DA:182,13
DA:183,2
DA:186,11
DA:188,11
DA:190,16
DA:191,16
DA:192,16
DA:194,16
DA:202,16
DA:208,16
DA:209,1
DA:214,15
DA:215,0
DA:219,15
DA:220,5
DA:223,10
DA:226,5
LF:63
LH:61
BRDA:58,1,0,1
BRDA:58,1,1,14
BRDA:61,2,0,2
BRDA:61,2,1,12
BRDA:61,3,0,1
BRDA:61,3,1,1
BRDA:67,4,0,1
BRDA:67,4,1,33
BRDA:70,5,0,1
BRDA:70,5,1,32
BRDA:92,6,0,5
BRDA:92,6,1,8
BRDA:102,7,0,5
BRDA:102,7,1,1
BRDA:103,8,0,1
BRDA:103,8,1,4
BRDA:106,9,0,1
BRDA:106,9,1,3
BRDA:118,10,0,9
BRDA:118,10,1,1
BRDA:119,11,0,1
BRDA:119,11,1,8
BRDA:122,12,0,1
BRDA:122,12,1,7
BRDA:125,13,0,1
BRDA:125,13,1,6
BRDA:133,14,0,6
BRDA:133,14,1,11
BRDA:145,15,0,7
BRDA:145,15,1,1
BRDA:146,16,0,2
BRDA:146,16,1,5
BRDA:146,17,0,1
BRDA:146,17,1,1
BRDA:182,18,0,2
BRDA:182,18,1,11
BRDA:208,19,0,1
BRDA:208,19,1,15
BRDA:214,20,0,0
BRDA:214,20,1,15
BRDA:219,21,0,5
BRDA:219,21,1,10
BRF:42
BRH:41
end_of_record
TN:
SF:/home/user/settlement-protocol/smart-contracts/contracts/test-utils/MyToken.sol
FN:7,constructor
FN:11,mint
FN:15,mintFor
FNF:3
FNH:2
FNDA:2,constructor
FNDA:0,mint
FNDA:1,mintFor
DA:8,2
DA:12,0
DA:16,1
LF:3
LH:2
BRF:0
BRH:0
end_of_record
TN:
SF:/home/user/settlement-protocol/smart-contracts/contracts/Utils.sol
FN:13,generateTokenId
FN:24,generateAddress
FN:38,buildDomainSeparator
FN:63,encodeUint64LE
FN:78,encodeUint32LE
FNF:5
FNH:5
FNDA:6,generateTokenId
FNDA:11,generateAddress
FNDA:6,buildDomainSeparator
FNDA:126,encodeUint64LE
FNDA:156,encodeUint32LE
DA:17,6
DA:28,11
DA:44,6
DA:66,126
DA:67,126
DA:68,126
DA:70,126
DA:81,156
DA:82,156
DA:83,156
DA:85,156
LF:11
LH:11
BRF:0
BRH:0
end_of_record
