SF:contracts/aurora-xcc/AuroraSdk.sol
DA:40,0
DA:41,6
DA:42,6
DA:46,6
DA:50,0
DA:51,0
DA:56,0
DA:57,1
DA:61,0
DA:65,1
DA:76,0
DA:79,1
DA:85,0
DA:88,1
DA:92,0
DA:95,0
DA:98,0
DA:100,0
DA:102,0
DA:103,0
DA:105,0
DA:106,0
DA:107,0
DA:108,0
DA:112,0
DA:113,0
DA:114,0
DA:119,0
DA:120,3
DA:122,3
DA:123,3
DA:127,0
DA:128,0
DA:130,0
DA:131,0
DA:140,0
DA:148,2
DA:154,0
DA:161,2
DA:175,0
DA:176,0
DA:180,0
DA:181,0
DA:190,0
DA:191,2
DA:195,2
DA:196,0
DA:202,0
DA:203,0
DA:207,0
DA:208,0
DA:212,0
DA:213,0
DA:217,0
DA:218,0
DA:223,0
DA:227,2
BRDA:103,1,0,-
BRDA:103,1,1,-
BRDA:103,2,0,-
BRDA:103,2,1,-
BRDA:107,2,0,-
BRDA:107,3,0,-
BRDA:107,3,1,-
BRDA:113,3,0,-
BRDA:113,4,0,-
BRDA:113,4,1,-
BRDA:122,4,0,-
BRDA:122,4,1,-
BRDA:122,5,0,3
BRDA:122,5,1,-
BRDA:130,5,0,-
BRDA:130,5,1,-
BRDA:130,6,0,-
BRDA:130,6,1,-
BRDA:180,6,0,-
BRDA:180,7,0,-
BRDA:180,7,1,-
BRDA:195,7,0,-
BRDA:195,8,0,-
BRDA:195,8,1,2
BRDA:207,8,0,-
BRDA:207,9,0,-
BRDA:207,9,1,-
BRDA:217,10,0,-
BRDA:217,10,1,-
BRDA:217,9,0,-
BRDA:98,0,0,-
BRDA:98,0,1,-
BRDA:98,1,0,-
BRDA:98,1,1,-
BRF:34
BRH:2
LF:57
LH:15
end_of_record
SF:contracts/aurora-xcc/AuroraXccUtils.sol
DA:5,0
DA:6,0
DA:9,0
DA:10,14
DA:11,14
DA:14,0
DA:15,4
DA:16,4
DA:17,4
DA:20,0
DA:21,4
DA:24,4
DA:27,4
DA:30,4
DA:33,0
DA:34,0
DA:41,0
DA:48,0
DA:55,0
DA:62,0
DA:65,0
DA:66,0
DA:67,0
DA:71,0
DA:72,0
DA:73,0
DA:77,0
DA:81,0
DA:82,0
DA:84,0
DA:85,0
DA:93,0
DA:94,0
DA:95,0
DA:97,0
DA:98,0
DA:99,0
DA:100,0
DA:101,0
DA:107,0
DA:111,0
DA:112,0
DA:116,0
DA:120,0
DA:123,0
DA:126,0
DA:127,0
DA:133,0
DA:135,1
DA:137,1
DA:139,1
DA:140,20
DA:141,20
DA:144,1
BRDA:100,1,0,-
BRDA:81,0,0,-
BRDA:81,1,0,-
BRDA:81,1,1,-
BRF:4
BRH:0
LF:54
LH:15
end_of_record
SF:contracts/aurora-xcc/Borsh.sol
DA:14,0
DA:15,0
DA:16,0
DA:17,0
DA:19,0
DA:20,0
DA:21,0
DA:26,0
DA:27,0
DA:28,0
DA:32,0
DA:36,0
DA:37,0
DA:38,0
DA:39,0
DA:41,0
DA:44,0
DA:45,0
DA:49,0
DA:53,0
DA:54,0
DA:58,0
DA:62,0
DA:63,0
DA:66,0
DA:67,0
DA:70,0
DA:71,0
DA:74,0
DA:75,0
DA:78,0
DA:79,0
DA:82,0
DA:83,0
DA:86,0
DA:87,0
DA:90,0
DA:91,0
DA:94,0
DA:95,0
DA:98,0
DA:99,0
DA:100,0
DA:101,0
DA:104,0
DA:105,0
DA:106,0
DA:107,0
DA:108,0
DA:112,0
DA:115,0
DA:116,0
DA:117,0
DA:118,0
DA:119,0
BRDA:100,2,0,-
BRDA:100,2,1,-
BRDA:100,3,0,-
BRDA:100,3,1,-
BRDA:28,0,0,-
BRDA:28,0,1,-
BRDA:28,1,0,-
BRDA:28,1,1,-
BRDA:45,1,0,-
BRDA:45,1,1,-
BRDA:45,2,0,-
BRDA:45,2,1,-
BRF:12
BRH:0
LF:55
LH:0
end_of_record
SF:contracts/aurora-xcc/Codec.sol
DA:12,0
DA:13,0
DA:16,0
DA:17,0
DA:20,0
DA:21,14
DA:24,0
DA:25,4
DA:28,0
DA:29,4
DA:33,0
DA:34,14
DA:38,0
DA:39,2
DA:43,0
DA:44,2
DA:48,0
DA:51,4
DA:52,0
DA:62,0
DA:65,2
DA:66,0
DA:71,0
DA:75,0
DA:76,0
DA:85,0
DA:89,2
DA:90,0
DA:98,0
DA:101,0
DA:102,0
DA:103,0
DA:108,0
DA:109,0
DA:110,0
DA:111,0
BRDA:102,0,0,-
BRDA:102,1,0,-
BRDA:102,1,1,-
BRDA:110,1,0,-
BRDA:110,2,0,-
BRDA:110,2,1,-
BRF:6
BRH:0
LF:36
LH:9
end_of_record
SF:contracts/aurora-xcc/Types.sol
LF:0
LH:0
end_of_record
SF:contracts/ChainSignatures.sol
DA:13,0
DA:19,2
DA:20,0
DA:41,0
DA:44,43
DA:45,43
DA:46,43
DA:47,1376
DA:49,1376
DA:50,1376
DA:51,1376
DA:52,1376
DA:53,1376
DA:56,43
LF:14
LH:11
end_of_record
SF:contracts/Config.sol
DA:54,12
DA:55,12
DA:56,12
DA:57,12
DA:61,4
DA:62,5
DA:63,2
DA:65,5
DA:70,6
DA:71,5
DA:72,2
DA:73,2
DA:78,17
DA:79,17
DA:80,1
DA:83,16
DA:84,14
DA:85,0
DA:87,1
DA:88,1
DA:95,4
DA:99,3
DA:100,3
DA:101,3
DA:107,3
DA:111,2
DA:112,1
DA:115,2
DA:116,5
DA:117,5
DA:118,5
DA:125,5
DA:126,39
DA:127,2
DA:130,37
BRDA:110,6,0,2
BRDA:110,6,1,-
BRDA:111,4,0,1
BRDA:111,7,0,-
BRDA:111,7,1,2
BRDA:126,5,0,1
BRDA:126,8,0,2
BRDA:126,8,1,37
BRDA:62,0,0,2
BRDA:62,1,0,-
BRDA:62,1,1,5
BRDA:70,2,0,-
BRDA:70,2,1,-
BRDA:79,1,0,1
BRDA:79,3,0,-
BRDA:79,3,1,3
BRDA:83,2,0,16
BRDA:84,3,0,-
BRDA:84,4,0,-
BRDA:84,4,1,3
BRDA:87,2,1,1
BRDA:98,5,0,3
BRDA:98,5,1,-
BRF:23
BRH:14
LF:35
LH:34
end_of_record
SF:contracts/deposit-addresses/open/oracle/BasicPricingOracle.sol
DA:16,0
DA:20,2
DA:22,2
DA:23,1
BRDA:22,0,0,-
BRDA:22,1,0,1
BRDA:22,1,1,1
BRF:3
BRH:2
LF:4
LH:3
end_of_record
SF:contracts/deposit-addresses/open/oracle/IPricingOracle.sol
LF:0
LH:0
end_of_record
SF:contracts/deposit-addresses/open/oracle/SignedPricingOracle.sol
DA:74,0
DA:75,1
DA:84,0
DA:88,8
DA:90,8
DA:91,8
DA:92,1
DA:95,7
DA:96,7
DA:97,8
DA:99,8
DA:100,0
DA:101,0
DA:102,0
DA:103,0
DA:104,2
DA:107,6
DA:108,1
DA:111,5
DA:112,5
DA:113,3
DA:116,2
DA:130,0
DA:133,1
DA:140,0
DA:143,6
DA:144,0
BRDA:100,3,0,1
BRDA:100,3,1,1
BRDA:103,1,0,-
BRDA:107,2,0,-
BRDA:107,4,0,1
BRDA:107,4,1,5
BRDA:112,3,0,-
BRDA:112,5,0,3
BRDA:112,5,1,2
BRDA:91,0,0,-
BRDA:91,1,0,1
BRDA:91,1,1,7
BRDA:99,2,0,2
BRDA:99,2,1,6
BRF:14
BRH:10
LF:27
LH:18
end_of_record
SF:contracts/deposit-addresses/open/RelayDepositAddressManager.sol
DA:89,0
DA:97,18
DA:98,1
DA:101,17
DA:102,0
DA:103,0
DA:104,0
DA:105,1
DA:108,16
DA:111,15
DA:121,15
DA:122,1
DA:125,14
DA:127,14
DA:140,0
DA:149,15
BRDA:101,2,0,1
BRDA:101,2,1,16
BRDA:104,1,0,-
BRDA:121,2,0,-
BRDA:121,3,0,1
BRDA:121,3,1,14
BRDA:97,0,0,-
BRDA:97,1,0,1
BRDA:97,1,1,17
BRF:9
BRH:6
LF:16
LH:11
end_of_record
SF:contracts/deposit-addresses/strict/bitcoin/BitcoinDepositAddress.sol
DA:94,0
DA:100,3
DA:101,3
DA:102,3
DA:108,0
DA:110,0
DA:116,0
DA:123,0
DA:128,0
DA:129,2
DA:130,2
DA:136,0
DA:137,5
DA:138,0
DA:151,0
DA:156,0
DA:160,0
DA:162,0
DA:164,0
DA:166,0
DA:172,0
DA:173,1
DA:174,0
DA:175,0
DA:176,1
DA:179,0
DA:181,0
DA:182,0
DA:185,0
DA:186,0
DA:192,0
DA:198,0
DA:199,0
DA:201,0
DA:202,0
DA:206,0
DA:207,0
DA:210,0
DA:211,0
DA:212,0
DA:215,0
DA:219,0
DA:222,0
DA:230,0
DA:237,0
DA:243,0
BRDA:108,1,0,-
BRDA:108,1,1,1
BRDA:128,2,0,2
BRDA:128,2,1,1
BRDA:173,3,0,1
BRDA:173,3,1,-
BRDA:175,0,0,-
BRDA:181,1,0,-
BRDA:181,4,0,-
BRDA:181,4,1,-
BRDA:198,2,0,-
BRDA:198,5,0,-
BRDA:198,5,1,-
BRDA:201,3,0,-
BRDA:201,6,0,-
BRDA:201,6,1,-
BRDA:206,4,0,-
BRDA:206,7,0,-
BRDA:206,7,1,-
BRDA:211,5,0,-
BRDA:211,8,0,-
BRDA:211,8,1,-
BRF:22
BRH:4
LF:46
LH:8
end_of_record
SF:contracts/deposit-addresses/strict/bitcoin/BitcoinDepositSweepBuilder.sol
DA:75,0
DA:80,3
DA:81,3
DA:88,0
DA:89,2
DA:90,2
DA:98,0
DA:102,43
DA:105,43
DA:106,0
DA:107,0
DA:108,0
DA:109,0
DA:110,4
DA:113,39
DA:114,1
DA:117,38
DA:118,38
DA:119,1
DA:122,37
DA:123,37
DA:124,1
DA:128,36
DA:129,0
DA:130,36
DA:133,36
DA:134,0
DA:137,36
DA:144,36
DA:153,36
DA:161,0
DA:162,24
DA:167,24
DA:168,24
DA:176,0
DA:179,36
DA:192,0
DA:196,24
DA:199,24
DA:203,24
DA:206,24
DA:214,24
DA:215,0
DA:227,0
DA:230,24
DA:231,24
DA:232,24
DA:238,24
DA:243,0
DA:246,24
DA:247,24
DA:248,24
DA:253,24
DA:258,0
DA:261,24
DA:262,24
DA:263,48
DA:264,48
DA:271,24
DA:276,0
DA:279,24
DA:280,24
DA:281,24
DA:283,24
DA:289,0
DA:290,48
DA:291,47
DA:292,0
DA:293,1
DA:294,0
DA:299,0
DA:300,0
DA:301,0
DA:309,0
DA:310,0
BRDA:105,2,0,4
BRDA:105,2,1,39
BRDA:106,3,0,2
BRDA:106,3,1,1
BRDA:106,4,0,1
BRDA:106,4,1,1
BRDA:109,0,0,-
BRDA:113,1,0,-
BRDA:113,5,0,1
BRDA:113,5,1,38
BRDA:118,2,0,-
BRDA:118,6,0,1
BRDA:118,6,1,37
BRDA:123,3,0,-
BRDA:123,7,0,1
BRDA:123,7,1,36
BRDA:290,4,0,-
BRDA:290,4,1,-
BRDA:290,8,0,47
BRDA:290,8,1,1
BRDA:292,5,0,-
BRDA:292,5,1,-
BRDA:292,9,0,1
BRDA:292,9,1,-
BRDA:299,10,0,-
BRDA:299,10,1,-
BRDA:299,6,0,-
BRDA:299,6,1,-
BRDA:88,1,0,2
BRDA:88,1,1,1
BRF:30
BRH:17
LF:75
LH:50
end_of_record
SF:contracts/deposit-addresses/strict/bitcoin/IBitcoinDepositSweepBuilder.sol
LF:0
LH:0
end_of_record
SF:contracts/deposit-addresses/strict/ethereum/DepositAddress.sol
DA:27,0
DA:28,1
DA:29,1
DA:36,0
DA:37,21
DA:38,19
DA:39,8
DA:40,8
DA:41,5
DA:47,11
DA:48,11
DA:49,7
DA:50,7
BRDA:37,0,0,-
BRDA:37,1,0,2
BRDA:37,1,1,19
BRDA:38,1,0,-
BRDA:38,1,1,-
BRDA:38,2,0,8
BRDA:38,2,1,11
BRDA:40,2,0,-
BRDA:40,3,0,5
BRDA:40,3,1,3
BRDA:48,3,0,-
BRDA:48,4,0,7
BRDA:48,4,1,4
BRF:13
BRH:8
LF:13
LH:11
end_of_record
SF:contracts/deposit-addresses/strict/ethereum/DepositAddressFactory.sol
DA:23,0
DA:24,1
DA:25,1
DA:29,0
DA:33,28
DA:34,28
DA:35,0
DA:39,0
DA:44,27
DA:45,27
DA:52,27
DA:53,24
DA:54,24
DA:57,27
DA:62,0
DA:66,55
DA:70,0
DA:76,27
DA:77,19
BRDA:52,0,0,-
BRDA:52,1,0,24
BRDA:52,1,1,3
BRF:3
BRH:2
LF:19
LH:13
end_of_record
SF:contracts/deposit-addresses/strict/ethereum/IDepositAddressFactory.sol
LF:0
LH:0
end_of_record
SF:contracts/depository/RelayDepository.sol
DA:86,0
DA:87,1
DA:88,1
DA:94,0
DA:95,0
DA:96,0
DA:98,0
DA:105,0
DA:106,5
DA:109,5
DA:118,0
DA:125,7
DA:127,7
DA:130,7
DA:138,0
DA:139,0
DA:141,0
DA:149,0
DA:153,0
DA:156,0
DA:157,0
DA:161,0
DA:162,0
DA:166,0
DA:167,0
DA:171,0
DA:174,0
DA:182,0
DA:186,0
DA:187,0
DA:190,0
DA:193,0
DA:194,0
DA:198,0
DA:201,0
DA:202,0
DA:206,0
DA:209,0
DA:210,0
DA:221,0
DA:225,0
DA:228,0
DA:230,0
DA:241,0
DA:245,0
DA:255,0
DA:262,0
DA:268,1
DA:269,1
BRDA:106,3,0,-
BRDA:106,3,1,5
BRDA:127,4,0,-
BRDA:127,4,1,7
BRDA:156,1,0,-
BRDA:156,5,0,-
BRDA:156,5,1,-
BRDA:161,2,0,-
BRDA:161,6,0,-
BRDA:161,6,1,-
BRDA:166,3,0,-
BRDA:166,7,0,-
BRDA:166,7,1,-
BRDA:201,4,0,-
BRDA:201,8,0,-
BRDA:201,8,1,-
BRDA:209,5,0,-
BRDA:209,9,0,-
BRDA:209,9,1,-
BRDA:94,1,0,-
BRDA:94,1,1,-
BRDA:95,0,0,-
BRDA:95,2,0,-
BRDA:95,2,1,-
BRF:24
BRH:2
LF:49
LH:9
end_of_record
SF:contracts/ERC20View.sol
DA:115,0
DA:116,34
DA:117,34
DA:126,0
DA:127,1
DA:132,0
DA:133,1
DA:138,0
DA:139,1
DA:144,0
DA:145,0
DA:150,0
DA:151,0
DA:157,0
DA:158,1
DA:165,0
DA:169,16
DA:176,0
DA:177,24
DA:178,24
DA:179,24
DA:181,24
DA:188,0
DA:189,6
DA:190,5
DA:191,5
DA:193,5
DA:201,0
DA:207,11
DA:208,10
DA:209,10
DA:210,9
DA:211,2
DA:221,7
DA:225,9
DA:226,9
DA:227,9
DA:229,9
DA:240,0
DA:241,68
DA:242,68
DA:250,0
DA:255,23
DA:256,23
BRDA:178,0,0,-
BRDA:178,1,0,24
BRDA:178,1,1,-
BRDA:190,1,0,-
BRDA:190,2,0,5
BRDA:190,2,1,-
BRDA:207,2,0,-
BRDA:207,3,0,10
BRDA:207,3,1,1
BRDA:209,3,0,-
BRDA:209,4,0,9
BRDA:209,4,1,1
BRDA:210,4,0,-
BRDA:210,5,0,2
BRDA:210,5,1,7
BRDA:226,5,0,-
BRDA:226,6,0,9
BRDA:226,6,1,-
BRDA:241,6,0,-
BRDA:241,7,0,68
BRDA:241,7,1,-
BRDA:255,7,0,-
BRDA:255,8,0,23
BRDA:255,8,1,-
BRF:24
BRH:11
LF:44
LH:29
end_of_record
SF:contracts/mocks/EmptyPayloadBuilder.sol
DA:11,0
DA:16,1
DA:20,0
DA:25,0
DA:29,0
DA:30,0
DA:34,0
DA:35,0
LF:8
LH:1
end_of_record
SF:contracts/mocks/MockPricingOracle.sol
DA:26,0
DA:34,16
DA:43,0
DA:47,14
DA:48,14
DA:49,14
DA:50,14
DA:51,18
DA:60,0
DA:64,34
LF:10
LH:7
end_of_record
SF:contracts/mocks/MockSafe.sol
DA:7,0
DA:8,0
DA:11,0
DA:12,0
DA:15,0
DA:16,0
DA:19,0
DA:24,0
DA:25,0
DA:26,0
DA:27,0
DA:28,0
BRDA:27,0,0,-
BRDA:27,1,0,-
BRDA:27,1,1,-
BRF:3
BRH:0
LF:12
LH:0
end_of_record
SF:contracts/mocks/MockWNEAR.sol
DA:8,0
DA:9,5
DA:12,0
DA:13,0
DA:16,0
DA:17,0
LF:6
LH:1
end_of_record
SF:contracts/mocks/RelayMultisigSignerHarness.sol
DA:14,0
DA:19,1
DA:22,0
DA:27,2
DA:30,0
DA:34,3
DA:35,0
DA:37,3
DA:38,1
DA:40,2
DA:41,2
BRDA:34,0,0,-
BRDA:34,1,0,-
BRDA:34,1,1,3
BRDA:37,1,0,-
BRDA:37,2,0,1
BRDA:37,2,1,2
BRF:6
BRH:3
LF:11
LH:7
end_of_record
SF:contracts/mocks/TestableBitcoinDepositAddress.sol
DA:32,0
DA:37,14
DA:41,14
DA:42,14
DA:43,14
DA:44,14
DA:48,0
DA:53,1
DA:57,0
DA:62,14
DA:63,1
DA:65,13
DA:66,1
DA:69,12
DA:70,1
DA:73,11
DA:74,11
DA:75,3
DA:78,8
BRDA:62,0,0,-
BRDA:62,1,0,1
BRDA:62,1,1,13
BRDA:65,1,0,-
BRDA:65,2,0,1
BRDA:65,2,1,12
BRDA:69,2,0,-
BRDA:69,3,0,1
BRDA:69,3,1,11
BRDA:74,3,0,-
BRDA:74,4,0,3
BRDA:74,4,1,8
BRF:12
BRH:8
LF:19
LH:16
end_of_record
SF:contracts/payload-builders/EthereumVmPayloadBuilder.sol
DA:69,0
DA:70,2
DA:75,0
DA:80,11
DA:81,1
DA:83,10
DA:84,1
DA:87,9
DA:90,9
DA:96,9
DA:97,9
DA:98,9
DA:100,8
DA:108,1
DA:120,9
DA:125,0
DA:130,8
DA:131,1
DA:134,7
DA:137,6
DA:144,6
DA:145,6
DA:147,6
DA:148,6
DA:154,0
DA:157,11
DA:162,0
DA:163,12
DA:169,0
DA:172,9
DA:190,0
DA:195,6
DA:198,6
DA:200,6
DA:211,6
DA:215,6
DA:225,6
DA:229,0
DA:230,1
DA:234,0
DA:235,1
BRDA:130,3,0,-
BRDA:130,4,0,1
BRDA:130,4,1,7
BRDA:80,0,0,-
BRDA:80,1,0,1
BRDA:80,1,1,10
BRDA:83,1,0,-
BRDA:83,2,0,1
BRDA:83,2,1,9
BRDA:98,2,0,-
BRDA:98,2,1,-
BRDA:98,3,0,8
BRDA:98,3,1,1
BRF:13
BRH:8
LF:41
LH:32
end_of_record
SF:contracts/payload-builders/SolanaVmPayloadBuilder.sol
DA:44,0
DA:45,1
DA:50,0
DA:55,9
DA:56,8
DA:61,6
DA:63,6
DA:64,0
DA:78,0
DA:81,11
DA:87,0
DA:90,10
DA:95,0
DA:96,8
DA:103,0
DA:106,9
DA:107,8
DA:112,0
DA:113,6
DA:121,0
DA:126,8
DA:127,1
DA:130,7
DA:131,1
DA:134,6
DA:135,0
DA:138,6
DA:139,6
DA:140,6
DA:146,0
DA:149,6
DA:166,0
DA:171,1
DA:172,1
DA:176,0
DA:177,1
DA:181,0
DA:182,1
DA:194,0
DA:203,6
DA:204,6
DA:206,6
DA:207,4
DA:209,2
DA:212,6
DA:213,6
DA:214,6
DA:215,6
BRDA:126,0,0,-
BRDA:126,1,0,1
BRDA:126,1,1,7
BRDA:130,1,0,-
BRDA:130,2,0,1
BRDA:130,2,1,6
BRDA:134,2,0,-
BRDA:134,3,0,-
BRDA:134,3,1,6
BRDA:139,4,0,2
BRDA:139,4,1,4
BRDA:206,3,0,-
BRDA:206,3,1,-
BRDA:206,5,0,4
BRDA:206,5,1,2
BRF:15
BRH:9
LF:48
LH:33
end_of_record
SF:contracts/RelayAllocator.sol
DA:177,24
DA:181,24
DA:182,24
DA:189,0
DA:194,3
DA:195,3
DA:200,0
DA:201,2
DA:202,2
DA:207,0
DA:208,1
DA:209,1
DA:215,0
DA:218,7
DA:225,0
DA:229,3
DA:236,0
DA:241,10
DA:242,10
DA:243,0
DA:246,10
DA:251,10
DA:252,0
DA:253,10
DA:255,10
DA:256,1
DA:259,9
DA:260,9
DA:261,4
DA:265,9
DA:266,2
DA:270,7
DA:271,7
DA:272,1
DA:276,6
DA:277,6
DA:278,1
DA:282,5
DA:286,5
DA:287,5
DA:288,5
DA:289,0
DA:297,5
DA:302,5
DA:303,5
DA:306,5
DA:314,0
DA:318,4
DA:319,1
DA:322,3
DA:323,3
DA:324,1
DA:327,2
DA:344,2
DA:348,2
DA:349,0
DA:352,2
DA:353,2
DA:360,0
DA:364,6
DA:365,0
BRDA:193,1,0,3
BRDA:193,1,1,-
BRDA:200,2,0,2
BRDA:200,2,1,1
BRDA:207,3,0,1
BRDA:207,3,1,-
BRDA:242,0,0,-
BRDA:242,4,0,-
BRDA:242,4,1,10
BRDA:255,1,0,-
BRDA:255,5,0,1
BRDA:255,5,1,9
BRDA:260,2,0,-
BRDA:260,6,0,4
BRDA:260,6,1,5
BRDA:265,3,0,-
BRDA:265,7,0,2
BRDA:265,7,1,7
BRDA:271,4,0,-
BRDA:271,8,0,1
BRDA:271,8,1,6
BRDA:277,5,0,-
BRDA:277,9,0,1
BRDA:277,9,1,5
BRDA:288,10,0,-
BRDA:288,10,1,5
BRDA:288,6,0,-
BRDA:318,11,0,1
BRDA:318,11,1,3
BRDA:318,12,0,1
BRDA:318,12,1,-
BRDA:318,7,0,-
BRDA:323,13,0,1
BRDA:323,13,1,2
BRDA:323,8,0,-
BRDA:348,14,0,-
BRDA:348,14,1,2
BRDA:348,15,0,-
BRDA:348,15,1,-
BRDA:348,9,0,-
BRF:40
BRH:22
LF:61
LH:48
end_of_record
SF:contracts/RelayGenericMapping.sol
DA:73,25
DA:74,25
DA:75,25
DA:76,25
DA:86,25
DA:94,25
DA:95,24
DA:96,23
DA:97,1
DA:99,21
DA:100,1
DA:103,20
DA:109,20
DA:110,2
DA:113,18
DA:114,18
DA:115,18
DA:124,10
DA:131,10
DA:132,9
DA:133,1
DA:135,7
DA:136,1
DA:139,6
DA:143,6
DA:144,1
DA:147,5
DA:148,0
DA:149,5
DA:157,10
DA:161,10
DA:162,10
BRDA:109,5,0,2
BRDA:109,6,0,-
BRDA:109,6,1,-
BRDA:131,6,0,1
BRDA:131,7,0,-
BRDA:131,7,1,-
BRDA:132,7,0,1
BRDA:132,8,0,-
BRDA:132,8,1,-
BRDA:133,8,0,1
BRDA:133,9,0,-
BRDA:133,9,1,-
BRDA:135,10,0,-
BRDA:135,10,1,-
BRDA:135,9,0,1
BRDA:143,10,0,1
BRDA:143,11,0,-
BRDA:143,11,1,-
BRDA:94,0,0,1
BRDA:94,1,0,-
BRDA:94,1,1,-
BRDA:95,1,0,1
BRDA:95,2,0,-
BRDA:95,2,1,-
BRDA:96,2,0,1
BRDA:96,3,0,-
BRDA:96,3,1,-
BRDA:97,3,0,1
BRDA:97,4,0,-
BRDA:97,4,1,-
BRDA:99,4,0,1
BRDA:99,5,0,-
BRDA:99,5,1,-
BRF:33
BRH:11
LF:32
LH:31
end_of_record
SF:contracts/RelayHub.sol
DA:162,12
DA:163,24
DA:164,24
DA:165,24
DA:166,24
DA:177,0
DA:181,50
DA:189,0
DA:194,5
DA:195,5
DA:196,5
DA:204,0
DA:209,5
DA:216,0
DA:220,0
DA:228,0
DA:233,3
DA:235,3
DA:237,3
DA:238,3
DA:240,3
DA:249,0
DA:255,32
DA:256,0
DA:257,0
DA:258,0
DA:259,0
DA:260,8
DA:261,8
DA:262,7
DA:265,31
DA:267,28
DA:269,28
DA:270,28
DA:272,28
DA:280,0
DA:285,5
DA:287,5
DA:288,5
DA:290,5
DA:299,0
DA:305,32
DA:306,1
DA:309,31
DA:311,31
DA:314,31
DA:326,0
DA:336,22
DA:337,1
DA:340,21
DA:341,1
DA:344,20
DA:346,20
DA:358,20
DA:360,20
DA:362,20
DA:363,2
DA:366,18
DA:368,18
DA:370,18
DA:371,18
DA:379,0
DA:384,39
DA:385,39
DA:393,0
DA:398,13
DA:399,12
DA:405,0
DA:409,2
DA:415,0
DA:416,3
DA:422,0
DA:423,3
DA:429,0
DA:430,3
DA:431,1
DA:433,2
DA:438,0
DA:439,1
DA:445,0
DA:446,2
DA:455,0
DA:456,1
DA:462,0
DA:465,0
DA:466,0
DA:467,0
DA:478,0
DA:479,39
DA:480,39
DA:481,34
DA:483,39
DA:485,39
DA:486,39
DA:493,0
DA:494,13
DA:495,12
DA:497,12
DA:498,12
DA:510,0
DA:516,82
DA:517,82
DA:518,68
DA:527,0
DA:533,23
DA:534,23
DA:535,23
DA:542,0
DA:543,34
DA:544,0
DA:547,34
DA:549,34
DA:550,34
DA:552,34
DA:553,34
BRDA:181,1,0,11
BRDA:181,1,1,2
BRDA:208,2,0,5
BRDA:208,2,1,1
BRDA:255,3,0,8
BRDA:255,3,1,24
BRDA:259,0,0,-
BRDA:261,4,0,7
BRDA:261,4,1,1
BRDA:262,1,0,-
BRDA:305,2,0,-
BRDA:305,5,0,1
BRDA:305,5,1,31
BRDA:336,3,0,-
BRDA:336,6,0,1
BRDA:336,6,1,21
BRDA:340,4,0,-
BRDA:340,7,0,1
BRDA:340,7,1,20
BRDA:362,5,0,-
BRDA:362,8,0,2
BRDA:362,8,1,18
BRDA:383,9,0,39
BRDA:383,9,1,1
BRDA:397,10,0,13
BRDA:397,10,1,1
BRDA:408,11,0,2
BRDA:408,11,1,1
BRDA:430,12,0,1
BRDA:430,12,1,2
BRDA:430,6,0,-
BRDA:438,13,0,1
BRDA:438,13,1,1
BRDA:466,14,0,-
BRDA:466,14,1,-
BRDA:480,15,0,34
BRDA:480,15,1,5
BRDA:480,7,0,-
BRDA:517,16,0,68
BRDA:517,16,1,14
BRDA:517,8,0,-
BRDA:534,17,0,23
BRDA:534,17,1,-
BRDA:534,9,0,-
BRDA:543,10,0,-
BRDA:543,18,0,-
BRDA:543,18,1,34
BRF:47
BRH:32
LF:115
LH:82
end_of_record
SF:contracts/RelayMultisigSigner.sol
DA:68,0
DA:73,3
DA:74,3
DA:75,3
DA:81,0
DA:83,0
DA:89,0
DA:96,0
DA:102,0
DA:106,3
DA:107,3
DA:108,3
DA:116,0
DA:122,2
DA:124,2
DA:125,0
DA:127,2
DA:129,0
DA:131,2
DA:132,0
DA:133,0
DA:134,0
DA:136,0
DA:138,2
DA:141,2
DA:147,2
DA:155,2
DA:164,2
DA:171,2
DA:177,0
DA:178,0
DA:179,0
DA:180,0
DA:181,0
DA:186,0
DA:188,0
DA:189,0
DA:192,0
DA:193,0
BRDA:105,2,0,3
BRDA:105,2,1,-
BRDA:124,0,0,-
BRDA:124,3,0,-
BRDA:124,3,1,2
BRDA:127,1,0,-
BRDA:127,4,0,-
BRDA:127,4,1,2
BRDA:131,5,0,-
BRDA:131,5,1,2
BRDA:134,2,0,-
BRDA:143,6,0,-
BRDA:143,6,1,2
BRDA:178,7,0,-
BRDA:178,7,1,-
BRDA:180,3,0,-
BRDA:188,4,0,-
BRDA:188,8,0,-
BRDA:188,8,1,-
BRDA:81,1,0,-
BRDA:81,1,1,-
BRF:21
BRH:5
LF:39
LH:16
end_of_record
SF:contracts/RelayOracle.sol
DA:69,0
DA:70,2
DA:71,2
DA:72,2
DA:74,2
DA:82,0
DA:87,6
DA:88,6
DA:90,12
DA:91,1
DA:94,11
DA:96,0
DA:98,2
DA:110,0
DA:116,26
DA:117,1
DA:119,25
DA:126,0
DA:128,29
DA:130,29
DA:131,15
DA:136,15
DA:137,0
DA:138,4
DA:142,4
DA:143,0
DA:144,9
DA:150,0
DA:153,9
DA:155,1
DA:163,0
DA:168,25
DA:171,25
DA:172,1
DA:176,24
DA:177,24
DA:178,4
DA:182,20
DA:184,20
DA:185,20
DA:186,20
DA:187,20
DA:188,29
DA:189,29
DA:193,17
DA:199,0
DA:202,24
DA:205,24
DA:208,24
DA:209,24
DA:210,24
DA:215,24
DA:224,24
BRDA:116,2,0,1
BRDA:116,2,1,25
BRDA:130,3,0,15
BRDA:130,3,1,14
BRDA:137,4,0,4
BRDA:137,4,1,10
BRDA:143,5,0,9
BRDA:143,5,1,1
BRDA:171,6,0,1
BRDA:171,6,1,24
BRDA:177,7,0,4
BRDA:177,7,1,20
BRDA:90,0,0,-
BRDA:90,1,0,1
BRDA:90,1,1,11
BRDA:94,1,0,-
BRDA:96,1,1,-
BRF:17
BRH:14
LF:53
LH:43
end_of_record
SF:contracts/RelayOracleMultisig.sol
DA:53,0
DA:58,15
DA:59,1
DA:61,14
DA:62,2
DA:65,12
DA:66,34
DA:67,34
DA:68,1
DA:70,33
DA:71,1
DA:73,32
DA:74,32
DA:75,32
DA:78,10
DA:79,10
DA:88,0
DA:92,13
DA:93,5
DA:95,8
DA:102,0
DA:103,5
DA:104,1
DA:106,4
DA:107,1
DA:110,3
DA:111,3
DA:113,3
DA:118,0
DA:119,9
DA:120,1
DA:122,8
DA:123,1
DA:125,7
DA:126,1
DA:129,6
DA:132,6
DA:133,17
DA:134,6
DA:135,6
DA:136,6
DA:140,6
DA:145,0
DA:146,7
DA:147,2
DA:150,5
DA:151,5
DA:153,5
DA:160,0
DA:161,0
DA:166,0
DA:167,5
DA:176,0
DA:180,13
DA:182,13
DA:183,2
DA:186,11
DA:188,11
DA:190,16
DA:191,16
DA:192,16
DA:194,16
DA:195,0
DA:196,0
DA:197,0
DA:198,0
DA:202,16
DA:208,16
DA:209,1
DA:214,15
DA:215,0
DA:219,15
DA:220,5
DA:223,10
DA:226,5
BRDA:102,7,0,5
BRDA:102,7,1,1
BRDA:103,5,0,-
BRDA:103,8,0,1
BRDA:103,8,1,4
BRDA:106,6,0,-
BRDA:106,9,0,1
BRDA:106,9,1,3
BRDA:118,10,0,9
BRDA:118,10,1,1
BRDA:119,11,0,1
BRDA:119,11,1,8
BRDA:119,7,0,-
BRDA:122,12,0,1
BRDA:122,12,1,7
BRDA:122,8,0,-
BRDA:125,13,0,1
BRDA:125,13,1,6
BRDA:125,9,0,-
BRDA:133,10,0,-
BRDA:133,14,0,6
BRDA:133,14,1,11
BRDA:145,15,0,7
BRDA:145,15,1,1
BRDA:146,11,0,-
BRDA:146,16,0,2
BRDA:146,16,1,5
BRDA:146,17,0,1
BRDA:146,17,1,1
BRDA:182,12,0,-
BRDA:182,18,0,2
BRDA:182,18,1,11
BRDA:208,13,0,-
BRDA:208,19,0,1
BRDA:208,19,1,15
BRDA:214,14,0,-
BRDA:214,20,0,-
BRDA:214,20,1,15
BRDA:219,15,0,-
BRDA:219,21,0,5
BRDA:219,21,1,10
BRDA:58,0,0,-
BRDA:58,1,0,1
BRDA:58,1,1,14
BRDA:61,1,0,-
BRDA:61,2,0,2
BRDA:61,2,1,12
BRDA:61,3,0,1
BRDA:61,3,1,1
BRDA:67,2,0,-
BRDA:67,4,0,1
BRDA:67,4,1,33
BRDA:70,3,0,-
BRDA:70,5,0,1
BRDA:70,5,1,32
BRDA:92,4,0,-
BRDA:92,6,0,5
BRDA:92,6,1,8
BRF:58
BRH:41
LF:75
LH:61
end_of_record
SF:contracts/test-utils/MyToken.sol
DA:7,0
DA:8,2
DA:11,0
DA:12,0
DA:15,0
DA:16,1
LF:6
LH:2
end_of_record
SF:contracts/Utils.sol
DA:13,0
DA:17,6
DA:24,0
DA:28,11
DA:38,0
DA:44,6
DA:45,0
DA:63,0
DA:66,126
DA:67,126
DA:68,126
DA:70,126
DA:78,0
DA:81,156
DA:82,156
DA:83,156
DA:85,156
LF:17
LH:11
end_of_record
SF:test-foundry/GenericMapping.t.sol
DA:26,25
DA:27,25
DA:29,25
DA:30,25
DA:32,25
DA:33,25
DA:37,25
DA:38,25
DA:45,25
DA:46,25
DA:47,25
DA:50,25
DA:56,25
DA:57,25
DA:68,9
DA:73,9
DA:74,9
DA:84,25
DA:91,25
DA:94,9
DA:100,9
LF:21
LH:21
end_of_record
SF:test-foundry/utils/BaseTest.sol
DA:15,37
DA:16,37
DA:17,37
DA:18,37
DA:19,370
LF:5
LH:5
end_of_record
SF:test-foundry/utils/Eip712.sol
DA:21,25
DA:27,25
DA:28,25
DA:41,34
DA:46,34
DA:49,34
DA:50,34
LF:7
LH:7
end_of_record
